mode: set
mcg-app-backend/service/auth/service.go:24.48,32.2 1 0
mcg-app-backend/service/auth/service.go:34.95,39.16 5 0
mcg-app-backend/service/auth/service.go:39.16,41.3 1 0
mcg-app-backend/service/auth/service.go:43.2,44.20 2 0
mcg-app-backend/service/auth/service.go:44.20,47.3 2 0
mcg-app-backend/service/auth/service.go:49.2,50.16 2 0
mcg-app-backend/service/auth/service.go:50.16,52.3 1 0
mcg-app-backend/service/auth/service.go:53.2,53.19 1 0
mcg-app-backend/service/auth/service.go:56.65,71.16 5 0
mcg-app-backend/service/auth/service.go:71.16,73.3 1 0
mcg-app-backend/service/auth/service.go:75.2,75.25 1 0
mcg-app-backend/service/auth/service.go:78.77,81.83 3 0
mcg-app-backend/service/auth/service.go:81.83,83.3 1 0
mcg-app-backend/service/auth/service.go:84.2,84.16 1 0
mcg-app-backend/service/auth/service.go:84.16,86.3 1 0
mcg-app-backend/service/auth/service.go:87.2,88.18 2 0
mcg-app-backend/service/auth/service.go:88.18,90.3 1 0
mcg-app-backend/service/auth/service.go:92.2,92.12 1 0
mcg-app-backend/service/customerrors/customerrors.go:9.44,11.2 1 0
mcg-app-backend/service/customerrors/customerrors.go:13.46,15.2 1 0
mcg-app-backend/service/customerrors/customerrors.go:17.63,21.2 1 0
mcg-app-backend/service/customerrors/customerrors.go:27.43,29.2 1 0
mcg-app-backend/service/customerrors/customerrors.go:31.45,33.2 1 0
mcg-app-backend/service/customerrors/customerrors.go:35.61,39.2 1 0
mcg-app-backend/service/customerrors/customerrors.go:45.43,47.2 1 0
mcg-app-backend/service/customerrors/customerrors.go:49.45,51.2 1 0
mcg-app-backend/service/customerrors/customerrors.go:53.61,57.2 1 0
mcg-app-backend/io/outbound/in-memory/service.go:21.38,31.2 1 0
mcg-app-backend/io/outbound/in-memory/service.go:33.96,44.2 7 0
mcg-app-backend/io/outbound/in-memory/service.go:46.89,50.50 3 0
mcg-app-backend/io/outbound/in-memory/service.go:50.50,52.3 1 0
mcg-app-backend/io/outbound/in-memory/service.go:54.2,55.12 2 0
mcg-app-backend/io/outbound/in-memory/service.go:58.73,62.42 3 0
mcg-app-backend/io/outbound/in-memory/service.go:62.42,64.3 1 0
mcg-app-backend/io/outbound/in-memory/service.go:66.2,67.12 2 0
mcg-app-backend/io/outbound/in-memory/service.go:70.86,74.41 3 0
mcg-app-backend/io/outbound/in-memory/service.go:74.41,76.3 1 0
mcg-app-backend/io/outbound/in-memory/service.go:77.2,77.15 1 0
mcg-app-backend/io/outbound/in-memory/service.go:80.114,85.37 4 0
mcg-app-backend/io/outbound/in-memory/service.go:85.37,86.55 1 0
mcg-app-backend/io/outbound/in-memory/service.go:86.55,88.4 1 0
mcg-app-backend/io/outbound/in-memory/service.go:90.2,90.19 1 0
mcg-app-backend/io/outbound/in-memory/service.go:93.108,104.2 7 0
mcg-app-backend/io/outbound/in-memory/service.go:106.120,117.2 7 0
mcg-app-backend/io/outbound/in-memory/service.go:119.96,123.46 3 0
mcg-app-backend/io/outbound/in-memory/service.go:123.46,124.41 1 0
mcg-app-backend/io/outbound/in-memory/service.go:124.41,126.4 1 0
mcg-app-backend/io/outbound/in-memory/service.go:129.2,129.12 1 0
mcg-app-backend/io/outbound/in-memory/service.go:132.103,136.51 3 0
mcg-app-backend/io/outbound/in-memory/service.go:136.51,137.39 1 0
mcg-app-backend/io/outbound/in-memory/service.go:137.39,139.4 1 0
mcg-app-backend/io/outbound/in-memory/service.go:142.2,142.12 1 0
mcg-app-backend/io/outbound/in-memory/service.go:145.93,149.62 3 0
mcg-app-backend/io/outbound/in-memory/service.go:149.62,151.3 1 0
mcg-app-backend/io/outbound/in-memory/service.go:153.2,154.12 2 0
mcg-app-backend/io/outbound/in-memory/service.go:157.88,161.57 3 0
mcg-app-backend/io/outbound/in-memory/service.go:161.57,163.3 1 0
mcg-app-backend/io/outbound/in-memory/service.go:165.2,166.12 2 0
mcg-app-backend/io/outbound/in-memory/service.go:169.115,177.50 5 0
mcg-app-backend/io/outbound/in-memory/service.go:177.50,180.93 2 0
mcg-app-backend/io/outbound/in-memory/service.go:180.93,182.4 1 0
mcg-app-backend/io/outbound/in-memory/service.go:185.2,185.45 1 0
mcg-app-backend/io/outbound/in-memory/service.go:185.45,188.81 2 0
mcg-app-backend/io/outbound/in-memory/service.go:188.81,190.4 1 0
mcg-app-backend/io/outbound/in-memory/service.go:193.2,193.37 1 0
mcg-app-backend/io/outbound/in-memory/service.go:193.37,197.97 1 0
mcg-app-backend/io/outbound/in-memory/service.go:197.97,199.4 1 0
mcg-app-backend/io/outbound/in-memory/service.go:201.3,201.36 1 0
mcg-app-backend/io/outbound/in-memory/service.go:201.36,205.4 3 0
mcg-app-backend/io/outbound/in-memory/service.go:207.2,207.22 1 0
mcg-app-backend/io/outbound/in-memory/service.go:210.101,212.2 1 0
mcg-app-backend/io/outbound/in-memory/service.go:214.80,217.2 2 0
mcg-app-backend/io/inbound/http/handler.go:14.62,15.95 1 0
mcg-app-backend/io/inbound/http/handler.go:15.95,17.3 1 0
mcg-app-backend/io/inbound/http/handler.go:18.2,20.10 3 0
mcg-app-backend/io/inbound/http/handler.go:23.59,24.103 1 0
mcg-app-backend/io/inbound/http/handler.go:24.103,26.17 2 0
mcg-app-backend/io/inbound/http/handler.go:26.17,28.4 1 0
mcg-app-backend/io/inbound/http/handler.go:30.3,33.13 2 0
mcg-app-backend/io/inbound/http/handler.go:36.2,37.10 2 0
mcg-app-backend/io/inbound/http/handler.go:40.65,41.115 1 0
mcg-app-backend/io/inbound/http/handler.go:41.115,43.17 2 0
mcg-app-backend/io/inbound/http/handler.go:43.17,45.4 1 0
mcg-app-backend/io/inbound/http/handler.go:47.3,48.13 2 0
mcg-app-backend/io/inbound/http/handler.go:51.2,52.10 2 0
mcg-app-backend/io/inbound/http/handler.go:55.78,56.108 1 0
mcg-app-backend/io/inbound/http/handler.go:56.108,58.17 2 0
mcg-app-backend/io/inbound/http/handler.go:58.17,60.4 1 0
mcg-app-backend/io/inbound/http/handler.go:61.3,61.13 1 0
mcg-app-backend/io/inbound/http/handler.go:64.2,65.10 2 0
mcg-app-backend/io/inbound/http/handler.go:68.71,69.108 1 0
mcg-app-backend/io/inbound/http/handler.go:69.108,71.17 2 0
mcg-app-backend/io/inbound/http/handler.go:71.17,73.4 1 0
mcg-app-backend/io/inbound/http/handler.go:74.3,74.13 1 0
mcg-app-backend/io/inbound/http/handler.go:77.2,78.10 2 0
mcg-app-backend/io/inbound/http/handler.go:81.67,82.108 1 0
mcg-app-backend/io/inbound/http/handler.go:82.108,84.17 2 0
mcg-app-backend/io/inbound/http/handler.go:84.17,86.4 1 0
mcg-app-backend/io/inbound/http/handler.go:87.3,87.13 1 0
mcg-app-backend/io/inbound/http/handler.go:90.2,91.10 2 0
mcg-app-backend/io/inbound/http/handler.go:94.65,95.107 1 0
mcg-app-backend/io/inbound/http/handler.go:95.107,97.17 2 0
mcg-app-backend/io/inbound/http/handler.go:97.17,99.4 1 0
mcg-app-backend/io/inbound/http/handler.go:101.3,102.13 2 0
mcg-app-backend/io/inbound/http/handler.go:105.2,108.10 4 0
mcg-app-backend/io/inbound/http/handler.go:111.64,112.120 1 0
mcg-app-backend/io/inbound/http/handler.go:112.120,116.17 3 0
mcg-app-backend/io/inbound/http/handler.go:116.17,118.4 1 0
mcg-app-backend/io/inbound/http/handler.go:120.3,121.13 2 0
mcg-app-backend/io/inbound/http/handler.go:124.2,126.10 3 0
mcg-app-backend/io/inbound/http/handler.go:129.76,130.128 1 0
mcg-app-backend/io/inbound/http/handler.go:130.128,134.17 3 0
mcg-app-backend/io/inbound/http/handler.go:134.17,136.4 1 0
mcg-app-backend/io/inbound/http/handler.go:138.3,139.13 2 0
mcg-app-backend/io/inbound/http/handler.go:142.2,144.10 3 0
mcg-app-backend/io/inbound/http/handler.go:147.76,148.142 1 0
mcg-app-backend/io/inbound/http/handler.go:148.142,150.17 2 0
mcg-app-backend/io/inbound/http/handler.go:150.17,152.4 1 0
mcg-app-backend/io/inbound/http/handler.go:154.3,155.13 2 0
mcg-app-backend/io/inbound/http/handler.go:158.2,160.10 3 0
mcg-app-backend/io/inbound/http/handler.go:163.35,164.16 1 0
mcg-app-backend/io/inbound/http/handler.go:164.16,166.3 1 0
mcg-app-backend/io/inbound/http/handler.go:167.2,168.33 2 0
mcg-app-backend/io/inbound/http/handler.go:168.33,170.3 1 0
mcg-app-backend/io/inbound/http/handler.go:171.2,172.41 2 0
mcg-app-backend/io/inbound/http/handler.go:172.41,174.3 1 0
mcg-app-backend/io/inbound/http/handler.go:175.2,176.32 2 0
mcg-app-backend/io/inbound/http/handler.go:176.32,178.3 1 0
mcg-app-backend/io/inbound/http/handler.go:179.2,179.44 1 0
mcg-app-backend/io/inbound/http/middelware.go:8.76,9.71 1 0
mcg-app-backend/io/inbound/http/middelware.go:9.71,10.49 1 0
mcg-app-backend/io/inbound/http/middelware.go:10.49,14.18 4 0
mcg-app-backend/io/inbound/http/middelware.go:14.18,17.5 2 0
mcg-app-backend/io/inbound/http/middelware.go:20.3,20.23 1 0
mcg-app-backend/io/inbound/http/middelware.go:24.69,27.2 2 0
mcg-app-backend/io/inbound/http/router.go:7.40,24.2 12 0
mcg-app-backend/io/inbound/http/server.go:20.202,28.2 1 0
mcg-app-backend/io/inbound/http/server.go:30.35,40.81 7 0
mcg-app-backend/io/inbound/http/server.go:40.81,42.3 1 0
mcg-app-backend/service/attatchments/service.go:18.108,24.2 1 1
mcg-app-backend/service/attatchments/service.go:26.174,35.20 4 1
mcg-app-backend/service/attatchments/service.go:35.20,37.3 1 1
mcg-app-backend/service/attatchments/service.go:39.2,40.16 2 1
mcg-app-backend/service/attatchments/service.go:40.16,42.3 1 1
mcg-app-backend/service/attatchments/service.go:44.2,53.16 3 1
mcg-app-backend/service/attatchments/service.go:53.16,55.3 1 1
mcg-app-backend/service/attatchments/service.go:57.2,58.24 2 1
mcg-app-backend/service/attatchments/service.go:61.91,67.16 5 1
mcg-app-backend/service/attatchments/service.go:67.16,69.3 1 1
mcg-app-backend/service/attatchments/service.go:71.2,71.12 1 1
mcg-app-backend/service/attatchments/service.go:74.95,80.16 5 1
mcg-app-backend/service/attatchments/service.go:80.16,82.3 1 1
mcg-app-backend/service/attatchments/service.go:84.2,84.12 1 1
mcg-app-backend/service/tracing/tracing.go:15.27,19.2 1 0
mcg-app-backend/service/tracing/tracing.go:21.90,23.2 1 0
mcg-app-backend/service/tracing/tracing.go:25.68,28.2 2 0
mcg-app-backend/service/tracing/tracing.go:30.82,32.2 1 0
mcg-app-backend/service/diagnosedConditions/service.go:18.132,24.2 1 1
mcg-app-backend/service/diagnosedConditions/service.go:26.200,37.16 5 1
mcg-app-backend/service/diagnosedConditions/service.go:37.16,39.3 1 1
mcg-app-backend/service/diagnosedConditions/service.go:41.2,50.16 3 1
mcg-app-backend/service/diagnosedConditions/service.go:50.16,52.3 1 1
mcg-app-backend/service/diagnosedConditions/service.go:54.2,55.23 2 1
mcg-app-backend/service/diagnosedConditions/service.go:58.105,64.16 5 1
mcg-app-backend/service/diagnosedConditions/service.go:64.16,66.3 1 1
mcg-app-backend/service/diagnosedConditions/service.go:68.2,68.12 1 1
mcg-app-backend/service/diagnosedConditions/service.go:71.111,77.16 5 1
mcg-app-backend/service/diagnosedConditions/service.go:77.16,79.3 1 1
mcg-app-backend/service/diagnosedConditions/service.go:81.2,81.12 1 1
mcg-app-backend/service/patients/service.go:18.72,23.2 1 1
mcg-app-backend/service/patients/service.go:25.160,34.16 5 1
mcg-app-backend/service/patients/service.go:34.16,36.3 1 1
mcg-app-backend/service/patients/service.go:37.2,37.15 1 1
mcg-app-backend/service/patients/service.go:37.15,39.3 1 1
mcg-app-backend/service/patients/service.go:41.2,49.16 3 1
mcg-app-backend/service/patients/service.go:49.16,51.3 1 1
mcg-app-backend/service/patients/service.go:52.2,53.21 2 1
mcg-app-backend/service/patients/service.go:56.108,67.16 5 1
mcg-app-backend/service/patients/service.go:67.16,69.3 1 1
mcg-app-backend/service/patients/service.go:71.2,72.16 2 1
mcg-app-backend/service/patients/service.go:72.16,74.3 1 1
mcg-app-backend/service/patients/service.go:75.2,75.21 1 1
mcg-app-backend/service/patients/service.go:78.81,84.16 5 1
mcg-app-backend/service/patients/service.go:84.16,86.3 1 1
mcg-app-backend/service/patients/service.go:88.2,89.16 2 1
mcg-app-backend/service/patients/service.go:89.16,91.3 1 1
mcg-app-backend/service/patients/service.go:93.2,93.12 1 1
mcg-app-backend/service/patients/service.go:96.116,110.16 5 0
mcg-app-backend/service/patients/service.go:110.16,112.3 1 0
mcg-app-backend/service/patients/service.go:114.2,114.22 1 0
mcg-app-backend/service/patients/service.go:117.85,119.16 2 1
mcg-app-backend/service/patients/service.go:119.16,121.3 1 0
mcg-app-backend/service/patients/service.go:123.2,123.15 1 1
mcg-app-backend/service/patients/service.go:123.15,125.3 1 1
mcg-app-backend/service/patients/service.go:126.2,126.12 1 1
mcg-app-backend/service/users/service.go:18.56,23.2 1 1
mcg-app-backend/service/users/service.go:25.94,31.16 5 1
mcg-app-backend/service/users/service.go:31.16,33.3 1 1
mcg-app-backend/service/users/service.go:34.2,34.25 1 1
mcg-app-backend/service/users/service.go:34.25,36.3 1 1
mcg-app-backend/service/users/service.go:37.2,37.27 1 1
mcg-app-backend/service/users/service.go:40.90,45.16 5 1
mcg-app-backend/service/users/service.go:45.16,47.3 1 1
mcg-app-backend/service/users/service.go:48.2,49.16 2 1
mcg-app-backend/service/users/service.go:49.16,51.3 1 0
mcg-app-backend/service/users/service.go:53.2,59.16 3 1
mcg-app-backend/service/users/service.go:59.16,61.3 1 1
mcg-app-backend/service/users/service.go:62.2,62.12 1 1
mcg-app-backend/service/users/service.go:65.85,67.16 2 1
mcg-app-backend/service/users/service.go:67.16,69.3 1 1
mcg-app-backend/service/users/service.go:70.2,70.39 1 1
mcg-app-backend/service/users/service.go:70.39,72.3 1 1
mcg-app-backend/service/users/service.go:73.2,73.12 1 1
mcg-app-backend/main.go:15.13,24.2 8 1
